SayHiLikes/app/build/intermediates/manifest_merge_blame_file/debug/processDebugMainManifest/manifest-merger-blame-debug-report.txt
1<?xml version="1.0" encoding="utf-8"?>
2<manifest xmlns:android="http://schemas.android.com/apk/res/android"
3    package="com.cjj.sayhilikes"
4    android:versionCode="4"
5    android:versionName="1.0.3" >
6
7    <uses-sdk
8        android:minSdkVersion="24"
9        android:targetSdkVersion="34" />
10
11    <uses-permission android:name="android.permission.INTERNET" />
11-->src\main\AndroidManifest.xml:4:5-67
11-->src\main\AndroidManifest.xml:4:22-64
12    <uses-permission android:name="android.permission.FOREGROUND_SERVICE" />
12-->src\main\AndroidManifest.xml:5:5-77
12-->src\main\AndroidManifest.xml:5:22-74
13    <uses-permission
13-->src\main\AndroidManifest.xml:6:5-8:38
14        android:name="android.permission.WRITE_EXTERNAL_STORAGE"
14-->src\main\AndroidManifest.xml:7:9-65
15        android:maxSdkVersion="28" />
15-->src\main\AndroidManifest.xml:8:9-35
16    <uses-permission
16-->src\main\AndroidManifest.xml:9:5-11:38
17        android:name="android.permission.READ_EXTERNAL_STORAGE"
17-->src\main\AndroidManifest.xml:10:9-64
18        android:maxSdkVersion="32" />
18-->src\main\AndroidManifest.xml:11:9-35
19
20    <queries>
20-->src\main\AndroidManifest.xml:13:5-30:15
21        <package android:name="com.unearby.sayhi" />
21-->src\main\AndroidManifest.xml:14:9-53
21-->src\main\AndroidManifest.xml:14:18-50
22        <package android:name="org.telegram.messenger" />
22-->src\main\AndroidManifest.xml:15:9-58
22-->src\main\AndroidManifest.xml:15:18-55
23        <package android:name="org.telegram.messenger.web" />
23-->src\main\AndroidManifest.xml:16:9-62
23-->src\main\AndroidManifest.xml:16:18-59
24        <package android:name="org.telegram.plus" />
24-->src\main\AndroidManifest.xml:17:9-53
24-->src\main\AndroidManifest.xml:17:18-50
25
26        <intent>
26-->src\main\AndroidManifest.xml:18:9-21:18
27            <action android:name="android.intent.action.VIEW" />
27-->src\main\AndroidManifest.xml:19:13-65
27-->src\main\AndroidManifest.xml:19:21-62
28
29            <data android:scheme="tg" />
29-->src\main\AndroidManifest.xml:20:13-41
29-->src\main\AndroidManifest.xml:20:19-38
30        </intent>
31        <intent>
31-->src\main\AndroidManifest.xml:22:9-25:18
32            <action android:name="android.intent.action.VIEW" />
32-->src\main\AndroidManifest.xml:19:13-65
32-->src\main\AndroidManifest.xml:19:21-62
33
34            <data
34-->src\main\AndroidManifest.xml:20:13-41
35                android:host="t.me"
35-->src\main\AndroidManifest.xml:24:42-61
36                android:scheme="https" />
36-->src\main\AndroidManifest.xml:20:19-38
37        </intent>
38        <intent>
38-->src\main\AndroidManifest.xml:26:9-29:18
39            <action android:name="android.intent.action.SEND" />
39-->src\main\AndroidManifest.xml:27:13-65
39-->src\main\AndroidManifest.xml:27:21-62
40
41            <data android:mimeType="text/plain" />
41-->src\main\AndroidManifest.xml:20:13-41
41-->src\main\AndroidManifest.xml:28:19-48
42        </intent>
43    </queries>
44
45    <permission
45-->[androidx.core:core:1.15.0] AndroidManifest.xml:22:5-24:47
46        android:name="com.cjj.sayhilikes.DYNAMIC_RECEIVER_NOT_EXPORTED_PERMISSION"
46-->[androidx.core:core:1.15.0] AndroidManifest.xml:23:9-81
47        android:protectionLevel="signature" />
47-->[androidx.core:core:1.15.0] AndroidManifest.xml:24:9-44
48
49    <uses-permission android:name="com.cjj.sayhilikes.DYNAMIC_RECEIVER_NOT_EXPORTED_PERMISSION" />
49-->[androidx.core:core:1.15.0] AndroidManifest.xml:26:5-97
49-->[androidx.core:core:1.15.0] AndroidManifest.xml:26:22-94
50
51    <application
51-->src\main\AndroidManifest.xml:32:5-68:19
52        android:name="com.cjj.sayhilikes.SayHiApp"
52-->src\main\AndroidManifest.xml:33:9-33
53        android:allowBackup="true"
53-->src\main\AndroidManifest.xml:34:9-35
54        android:appComponentFactory="androidx.core.app.CoreComponentFactory"
54-->[androidx.core:core:1.15.0] AndroidManifest.xml:28:18-86
55        android:debuggable="true"
56        android:extractNativeLibs="false"
57        android:icon="@android:drawable/btn_star_big_on"
57-->src\main\AndroidManifest.xml:35:9-57
58        android:label="@string/app_name"
58-->src\main\AndroidManifest.xml:36:9-41
59        android:roundIcon="@android:drawable/btn_star_big_on"
59-->src\main\AndroidManifest.xml:37:9-62
60        android:supportsRtl="true"
60-->src\main\AndroidManifest.xml:38:9-35
61        android:theme="@style/Theme.SayHiLikes"
61-->src\main\AndroidManifest.xml:39:9-48
62        android:usesCleartextTraffic="true" >
62-->src\main\AndroidManifest.xml:40:9-44
63        <activity
63-->src\main\AndroidManifest.xml:42:9-50:20
64            android:name="com.cjj.sayhilikes.OnboardingActivity"
64-->src\main\AndroidManifest.xml:43:13-47
65            android:exported="true"
65-->src\main\AndroidManifest.xml:44:13-36
66            android:launchMode="singleTop" >
66-->src\main\AndroidManifest.xml:45:13-43
67            <intent-filter>
67-->src\main\AndroidManifest.xml:46:13-49:29
68                <action android:name="android.intent.action.MAIN" />
68-->src\main\AndroidManifest.xml:47:17-69
68-->src\main\AndroidManifest.xml:47:25-66
69
70                <category android:name="android.intent.category.LAUNCHER" />
70-->src\main\AndroidManifest.xml:48:17-77
70-->src\main\AndroidManifest.xml:48:27-74
71            </intent-filter>
72        </activity>
73        <activity
73-->src\main\AndroidManifest.xml:52:9-55:46
74            android:name="com.cjj.sayhilikes.MainActivity"
74-->src\main\AndroidManifest.xml:53:13-41
75            android:exported="false"
75-->src\main\AndroidManifest.xml:54:13-37
76            android:launchMode="singleTop" />
76-->src\main\AndroidManifest.xml:55:13-43
77
78        <service
78-->src\main\AndroidManifest.xml:57:9-67:19
79            android:name="com.cjj.sayhilikes.LikeAccessibilityService"
79-->src\main\AndroidManifest.xml:58:13-53
80            android:exported="false"
80-->src\main\AndroidManifest.xml:59:13-37
81            android:permission="android.permission.BIND_ACCESSIBILITY_SERVICE" >
81-->src\main\AndroidManifest.xml:60:13-79
82            <intent-filter>
82-->src\main\AndroidManifest.xml:61:13-63:29
83                <action android:name="android.accessibilityservice.AccessibilityService" />
83-->src\main\AndroidManifest.xml:62:17-92
83-->src\main\AndroidManifest.xml:62:25-89
84            </intent-filter>
85
86            <meta-data
86-->src\main\AndroidManifest.xml:64:13-66:72
87                android:name="android.accessibilityservice"
87-->src\main\AndroidManifest.xml:65:17-60
88                android:resource="@xml/accessibility_service_config" />
88-->src\main\AndroidManifest.xml:66:17-69
89        </service>
90
91        <provider
91-->[androidx.emoji2:emoji2:1.3.0] AndroidManifest.xml:24:9-32:20
92            android:name="androidx.startup.InitializationProvider"
92-->[androidx.emoji2:emoji2:1.3.0] AndroidManifest.xml:25:13-67
93            android:authorities="com.cjj.sayhilikes.androidx-startup"
93-->[androidx.emoji2:emoji2:1.3.0] AndroidManifest.xml:26:13-68
94            android:exported="false" >
94-->[androidx.emoji2:emoji2:1.3.0] AndroidManifest.xml:27:13-37
95            <meta-data
95-->[androidx.emoji2:emoji2:1.3.0] AndroidManifest.xml:29:13-31:52
96                android:name="androidx.emoji2.text.EmojiCompatInitializer"
96-->[androidx.emoji2:emoji2:1.3.0] AndroidManifest.xml:30:17-75
97                android:value="androidx.startup" />
97-->[androidx.emoji2:emoji2:1.3.0] AndroidManifest.xml:31:17-49
98            <meta-data
98-->[androidx.lifecycle:lifecycle-process:2.6.2] AndroidManifest.xml:29:13-31:52
99                android:name="androidx.lifecycle.ProcessLifecycleInitializer"
99-->[androidx.lifecycle:lifecycle-process:2.6.2] AndroidManifest.xml:30:17-78
100                android:value="androidx.startup" />
100-->[androidx.lifecycle:lifecycle-process:2.6.2] AndroidManifest.xml:31:17-49
101            <meta-data
101-->[androidx.profileinstaller:profileinstaller:1.4.0] AndroidManifest.xml:29:13-31:52
102                android:name="androidx.profileinstaller.ProfileInstallerInitializer"
102-->[androidx.profileinstaller:profileinstaller:1.4.0] AndroidManifest.xml:30:17-85
103                android:value="androidx.startup" />
103-->[androidx.profileinstaller:profileinstaller:1.4.0] AndroidManifest.xml:31:17-49
104        </provider>
105
106        <receiver
106-->[androidx.profileinstaller:profileinstaller:1.4.0] AndroidManifest.xml:34:9-52:20
107            android:name="androidx.profileinstaller.ProfileInstallReceiver"
107-->[androidx.profileinstaller:profileinstaller:1.4.0] AndroidManifest.xml:35:13-76
108            android:directBootAware="false"
108-->[androidx.profileinstaller:profileinstaller:1.4.0] AndroidManifest.xml:36:13-44
109            android:enabled="true"
109-->[androidx.profileinstaller:profileinstaller:1.4.0] AndroidManifest.xml:37:13-35
110            android:exported="true"
110-->[androidx.profileinstaller:profileinstaller:1.4.0] AndroidManifest.xml:38:13-36
111            android:permission="android.permission.DUMP" >
111-->[androidx.profileinstaller:profileinstaller:1.4.0] AndroidManifest.xml:39:13-57
112            <intent-filter>
112-->[androidx.profileinstaller:profileinstaller:1.4.0] AndroidManifest.xml:40:13-42:29
113                <action android:name="androidx.profileinstaller.action.INSTALL_PROFILE" />
113-->[androidx.profileinstaller:profileinstaller:1.4.0] AndroidManifest.xml:41:17-91
113-->[androidx.profileinstaller:profileinstaller:1.4.0] AndroidManifest.xml:41:25-88
114            </intent-filter>
115            <intent-filter>
115-->[androidx.profileinstaller:profileinstaller:1.4.0] AndroidManifest.xml:43:13-45:29
116                <action android:name="androidx.profileinstaller.action.SKIP_FILE" />
116-->[androidx.profileinstaller:profileinstaller:1.4.0] AndroidManifest.xml:44:17-85
116-->[androidx.profileinstaller:profileinstaller:1.4.0] AndroidManifest.xml:44:25-82
117            </intent-filter>
118            <intent-filter>
118-->[androidx.profileinstaller:profileinstaller:1.4.0] AndroidManifest.xml:46:13-48:29
119                <action android:name="androidx.profileinstaller.action.SAVE_PROFILE" />
119-->[androidx.profileinstaller:profileinstaller:1.4.0] AndroidManifest.xml:47:17-88
119-->[androidx.profileinstaller:profileinstaller:1.4.0] AndroidManifest.xml:47:25-85
120            </intent-filter>
121            <intent-filter>
121-->[androidx.profileinstaller:profileinstaller:1.4.0] AndroidManifest.xml:49:13-51:29
122                <action android:name="androidx.profileinstaller.action.BENCHMARK_OPERATION" />
122-->[androidx.profileinstaller:profileinstaller:1.4.0] AndroidManifest.xml:50:17-95
122-->[androidx.profileinstaller:profileinstaller:1.4.0] AndroidManifest.xml:50:25-92
123            </intent-filter>
124        </receiver>
125    </application>
126
127</manifest>